<?xml version="1.0" encoding="UTF-8"?>
<!-- Generated by org.testng.reporters.JUnitXMLReporter -->
<testsuite hostname="Prabu-PC" ignored="2" name="Default test" tests="1" failures="0" timestamp="02 Sep 2022 04:53:39 GMT" time="8.932" errors="0">
  <testcase name="openFb" time="3.768" classname="testngPractice.Dataprovoider"/>
  <testcase name="opengoogle" time="0.0" classname="testngPractice.Dataprovoider">
    <ignored/>
  </testcase> <!-- opengoogle -->
  <testcase name="openyahoo" time="0.0" classname="testngPractice.Dataprovoider">
    <ignored/>
  </testcase> <!-- openyahoo -->
</testsuite> <!-- Default test -->
