<?xml version="1.0" encoding="UTF-8"?>
<!-- Generated by org.testng.reporters.JUnitXMLReporter -->
<testsuite hostname="Prabu-PC" ignored="0" name="checking" tests="3" failures="1" timestamp="02 Sep 2022 04:32:12 GMT" time="25.798" errors="0">
  <testcase name="opengoogle" time="16.99" classname="testngPractice.Dataprovoider"/>
  <testcase name="openyahoo" time="3.37" classname="testngPractice.Dataprovoider"/>
  <testcase name="openFb" time="0.056" classname="testngPractice.Dataprovoider">
    <failure type="org.openqa.selenium.InvalidArgumentException" message="invalid argument
  (Session info: chrome=104.0.5112.102)
Build info: version: &amp;apos;4.3.0&amp;apos;, revision: &amp;apos;a4995e2c09*&amp;apos;
System info: host: &amp;apos;PRABU-PC&amp;apos;, ip: &amp;apos;192.168.43.220&amp;apos;, os.name: &amp;apos;Windows 7&amp;apos;, os.arch: &amp;apos;x86&amp;apos;, os.version: &amp;apos;6.1&amp;apos;, java.version: &amp;apos;1.8.0_202&amp;apos;
Driver info: org.openqa.selenium.chrome.ChromeDriver
Command: [3aafaea6e942527a10e57b10385686cd, get {url=&amp;quot;https://www.facebook.com/&amp;quot;}]
Capabilities {acceptInsecureCerts: false, browserName: chrome, browserVersion: 104.0.5112.102, chrome: {chromedriverVersion: 103.0.5060.53 (a1711811edd7..., userDataDir: C:\Users\Prabu\AppData\Loca...}, goog:chromeOptions: {debuggerAddress: localhost:51875}, networkConnectionEnabled: false, pageLoadStrategy: normal, platformName: WINDOWS, proxy: Proxy(), se:cdp: ws://localhost:51875/devtoo..., se:cdpVersion: 104.0.5112.102, setWindowRect: true, strictFileInteractability: false, timeouts: {implicit: 0, pageLoad: 300000, script: 30000}, unhandledPromptBehavior: dismiss and notify, webauthn:extension:credBlob: true, webauthn:extension:largeBlob: true, webauthn:virtualAuthenticators: true}
Session ID: 3aafaea6e942527a10e57b10385686cd">
      <![CDATA[org.openqa.selenium.InvalidArgumentException: invalid argument
  (Session info: chrome=104.0.5112.102)
Build info: version: '4.3.0', revision: 'a4995e2c09*'
System info: host: 'PRABU-PC', ip: '192.168.43.220', os.name: 'Windows 7', os.arch: 'x86', os.version: '6.1', java.version: '1.8.0_202'
Driver info: org.openqa.selenium.chrome.ChromeDriver
Command: [3aafaea6e942527a10e57b10385686cd, get {url="https://www.facebook.com/"}]
Capabilities {acceptInsecureCerts: false, browserName: chrome, browserVersion: 104.0.5112.102, chrome: {chromedriverVersion: 103.0.5060.53 (a1711811edd7..., userDataDir: C:\Users\Prabu\AppData\Loca...}, goog:chromeOptions: {debuggerAddress: localhost:51875}, networkConnectionEnabled: false, pageLoadStrategy: normal, platformName: WINDOWS, proxy: Proxy(), se:cdp: ws://localhost:51875/devtoo..., se:cdpVersion: 104.0.5112.102, setWindowRect: true, strictFileInteractability: false, timeouts: {implicit: 0, pageLoad: 300000, script: 30000}, unhandledPromptBehavior: dismiss and notify, webauthn:extension:credBlob: true, webauthn:extension:largeBlob: true, webauthn:virtualAuthenticators: true}
Session ID: 3aafaea6e942527a10e57b10385686cd
at org.openqa.selenium.remote.codec.w3c.W3CHttpResponseCodec.createException(W3CHttpResponseCodec.java:200)
at org.openqa.selenium.remote.codec.w3c.W3CHttpResponseCodec.decode(W3CHttpResponseCodec.java:133)
at org.openqa.selenium.remote.codec.w3c.W3CHttpResponseCodec.decode(W3CHttpResponseCodec.java:53)
at org.openqa.selenium.remote.HttpCommandExecutor.execute(HttpCommandExecutor.java:184)
at org.openqa.selenium.remote.service.DriverCommandExecutor.invokeExecute(DriverCommandExecutor.java:167)
at org.openqa.selenium.remote.service.DriverCommandExecutor.execute(DriverCommandExecutor.java:142)
at org.openqa.selenium.remote.RemoteWebDriver.execute(RemoteWebDriver.java:569)
at org.openqa.selenium.remote.RemoteWebDriver.get(RemoteWebDriver.java:332)
at testngPractice.Dataprovoider.openFb(Dataprovoider.java:36)
... Removed 29 stack frames]]>
    </failure>
  </testcase> <!-- openFb -->
</testsuite> <!-- checking -->
