<?xml version="1.0" encoding="UTF-8"?>
<testng-results skipped="0" failed="0" ignored="2" total="3" passed="1">
  <reporter-output>
  </reporter-output>
  <suite name="Default suite" duration-ms="8932" started-at="2022-09-02T04:53:30Z" finished-at="2022-09-02T04:53:39Z">
    <groups>
    </groups>
    <test name="Default test" duration-ms="8932" started-at="2022-09-02T04:53:30Z" finished-at="2022-09-02T04:53:39Z">
      <class name="testngPractice.Dataprovoider">
        <test-method status="PASS" signature="tc_001()[pri:0, instance:testngPractice.Dataprovoider@1933fd1]" name="tc_001" is-config="true" duration-ms="4087" started-at="2022-09-02T04:53:30Z" finished-at="2022-09-02T04:53:34Z">
          <reporter-output>
          </reporter-output>
        </test-method> <!-- tc_001 -->
        <test-method status="PASS" signature="openFb()[pri:3, instance:testngPractice.Dataprovoider@1933fd1]" name="openFb" duration-ms="3768" started-at="2022-09-02T04:53:34Z" finished-at="2022-09-02T04:53:38Z">
          <reporter-output>
          </reporter-output>
        </test-method> <!-- openFb -->
        <test-method status="PASS" signature="afterclass()[pri:0, instance:testngPractice.Dataprovoider@1933fd1]" name="afterclass" is-config="true" duration-ms="1043" started-at="2022-09-02T04:53:38Z" finished-at="2022-09-02T04:53:39Z">
          <reporter-output>
          </reporter-output>
        </test-method> <!-- afterclass -->
      </class> <!-- testngPractice.Dataprovoider -->
    </test> <!-- Default test -->
  </suite> <!-- Default suite -->
</testng-results>
